TN:
SF:src/async.js
FN:1,(anonymous_0)
FN:2,(anonymous_1)
FN:3,(anonymous_2)
FNF:3
FNH:3
FNDA:3,(anonymous_0)
FNDA:3,(anonymous_1)
FNDA:3,(anonymous_2)
DA:1,1
DA:2,3
DA:3,3
DA:4,3
DA:5,2
DA:7,1
LF:6
LH:6
BRDA:4,0,0,2
BRDA:4,0,1,1
BRF:2
BRH:2
end_of_record
TN:
SF:src/exception.js
FN:2,(anonymous_0)
FN:7,(anonymous_1)
FNF:2
FNH:2
FNDA:4,(anonymous_0)
FNDA:4,(anonymous_1)
DA:3,4
DA:7,1
DA:8,4
DA:9,4
DA:11,0
LF:5
LH:4
BRDA:8,0,0,4
BRDA:8,0,1,0
BRF:2
BRH:1
end_of_record
TN:
SF:src/sum.js
FN:1,(anonymous_0)
FNF:1
FNH:1
FNDA:1,(anonymous_0)
DA:1,1
DA:2,1
LF:2
LH:2
BRF:0
BRH:0
end_of_record
